<?xml version="1.0" encoding="UTF-8"?>
<testng-results ignored="0" total="3" passed="3" failed="0" skipped="0">
  <reporter-output>
    <line>
      <![CDATA[Chrome ir palaists]]>
    </line>
    <line>
      <![CDATA[1. VRAA lapa ir atvērta]]>
    </line>
    <line>
      <![CDATA[2. VRAA lapa ir apstiprinātas sīkdatnes]]>
    </line>
    <line>
      <![CDATA[3. Izvēlētas aktualitātes]]>
    </line>
    <line>
      <![CDATA[4. Lasīt vairāk]]>
    </line>
    <line>
      <![CDATA[5. Iegūts aktualitātes datums: 27.09.2023.]]>
    </line>
    <line>
      <![CDATA[6. Izvēlēta kontaktu sadaļa]]>
    </line>
    <line>
      <![CDATA[7. Lasīt vairāk]]>
    </line>
    <line>
      <![CDATA[8. Iestādes vadītājs ir: Aigars Undzēns
Direktors]]>
    </line>
    <line>
      <![CDATA[9. Izvēlēta Par mums sadaļa]]>
    </line>
    <line>
      <![CDATA[10. Lasīt vairāk]]>
    </line>
    <line>
      <![CDATA[10. Pēdējais labojums par mums: Publicēts: 16.01.2020.]]>
    </line>
    <line>
      <![CDATA[11. Izvēlēta EN valoda]]>
    </line>
    <line>
      <![CDATA[12. Izvēlēta LV valoda]]>
    </line>
    <line>
      <![CDATA[13. Kontrasts melns]]>
    </line>
    <line>
      <![CDATA[14. Kontrasts balts]]>
    </line>
    <line>
      <![CDATA[ Lapa ir aizvērta]]>
    </line>
    <line>
      <![CDATA[Edge ir palaists]]>
    </line>
    <line>
      <![CDATA[1. VRAA lapa ir atvērta]]>
    </line>
    <line>
      <![CDATA[2. VRAA lapa ir apstiprinātas sīkdatnes]]>
    </line>
    <line>
      <![CDATA[3. Izvēlētas aktualitātes]]>
    </line>
    <line>
      <![CDATA[4. Lasīt vairāk]]>
    </line>
    <line>
      <![CDATA[5. Iegūts aktualitātes datums: 27.09.2023.]]>
    </line>
    <line>
      <![CDATA[6. Izvēlēta kontaktu sadaļa]]>
    </line>
    <line>
      <![CDATA[7. Lasīt vairāk]]>
    </line>
    <line>
      <![CDATA[8. Iestādes vadītājs ir: Aigars Undzēns
Direktors]]>
    </line>
    <line>
      <![CDATA[9. Izvēlēta Par mums sadaļa]]>
    </line>
    <line>
      <![CDATA[10. Lasīt vairāk]]>
    </line>
    <line>
      <![CDATA[10. Pēdējais labojums par mums: Publicēts: 16.01.2020.]]>
    </line>
    <line>
      <![CDATA[11. Izvēlēta EN valoda]]>
    </line>
    <line>
      <![CDATA[12. Izvēlēta LV valoda]]>
    </line>
    <line>
      <![CDATA[13. Kontrasts melns]]>
    </line>
    <line>
      <![CDATA[14. Kontrasts balts]]>
    </line>
    <line>
      <![CDATA[ Lapa ir aizvērta]]>
    </line>
    <line>
      <![CDATA[Firefox ir palaists]]>
    </line>
    <line>
      <![CDATA[1. VRAA lapa ir atvērta]]>
    </line>
    <line>
      <![CDATA[2. VRAA lapa ir apstiprinātas sīkdatnes]]>
    </line>
    <line>
      <![CDATA[3. Izvēlētas aktualitātes]]>
    </line>
    <line>
      <![CDATA[4. Lasīt vairāk]]>
    </line>
    <line>
      <![CDATA[5. Iegūts aktualitātes datums: 27.09.2023.]]>
    </line>
    <line>
      <![CDATA[6. Izvēlēta kontaktu sadaļa]]>
    </line>
    <line>
      <![CDATA[7. Lasīt vairāk]]>
    </line>
    <line>
      <![CDATA[8. Iestādes vadītājs ir: Aigars Undzēns
Direktors]]>
    </line>
    <line>
      <![CDATA[9. Izvēlēta Par mums sadaļa]]>
    </line>
    <line>
      <![CDATA[10. Lasīt vairāk]]>
    </line>
    <line>
      <![CDATA[10. Pēdējais labojums par mums: Publicēts: 16.01.2020.]]>
    </line>
    <line>
      <![CDATA[11. Izvēlēta EN valoda]]>
    </line>
    <line>
      <![CDATA[12. Izvēlēta LV valoda]]>
    </line>
    <line>
      <![CDATA[13. Kontrasts melns]]>
    </line>
    <line>
      <![CDATA[14. Kontrasts balts]]>
    </line>
    <line>
      <![CDATA[ Lapa ir aizvērta]]>
    </line>
  </reporter-output>
  <suite started-at="2023-10-14T10:21:43 EEST" name="Default Suite" finished-at="2023-10-14T10:24:12 EEST" duration-ms="149153">
    <groups>
    </groups>
    <test started-at="2023-10-14T10:21:43 EEST" name="SC_Test" finished-at="2023-10-14T10:24:12 EEST" duration-ms="149153">
      <class name="RUN_ALL.TVP_PamatlietasPOM">
        <test-method signature="TVP_pamatlietasChrome()[pri:0, instance:RUN_ALL.TVP_PamatlietasPOM@101952da]" started-at="2023-10-14T10:21:43 EEST" name="TVP_pamatlietasChrome" finished-at="2023-10-14T10:22:21 EEST" duration-ms="37963" status="PASS">
          <reporter-output>
            <line>
              <![CDATA[Chrome ir palaists]]>
            </line>
            <line>
              <![CDATA[1. VRAA lapa ir atvērta]]>
            </line>
            <line>
              <![CDATA[2. VRAA lapa ir apstiprinātas sīkdatnes]]>
            </line>
            <line>
              <![CDATA[3. Izvēlētas aktualitātes]]>
            </line>
            <line>
              <![CDATA[4. Lasīt vairāk]]>
            </line>
            <line>
              <![CDATA[5. Iegūts aktualitātes datums: 27.09.2023.]]>
            </line>
            <line>
              <![CDATA[6. Izvēlēta kontaktu sadaļa]]>
            </line>
            <line>
              <![CDATA[7. Lasīt vairāk]]>
            </line>
            <line>
              <![CDATA[8. Iestādes vadītājs ir: Aigars Undzēns
Direktors]]>
            </line>
            <line>
              <![CDATA[9. Izvēlēta Par mums sadaļa]]>
            </line>
            <line>
              <![CDATA[10. Lasīt vairāk]]>
            </line>
            <line>
              <![CDATA[10. Pēdējais labojums par mums: Publicēts: 16.01.2020.]]>
            </line>
            <line>
              <![CDATA[11. Izvēlēta EN valoda]]>
            </line>
            <line>
              <![CDATA[12. Izvēlēta LV valoda]]>
            </line>
            <line>
              <![CDATA[13. Kontrasts melns]]>
            </line>
            <line>
              <![CDATA[14. Kontrasts balts]]>
            </line>
            <line>
              <![CDATA[ Lapa ir aizvērta]]>
            </line>
          </reporter-output>
        </test-method> <!-- TVP_pamatlietasChrome -->
        <test-method signature="TVP_pamatlietasEdge()[pri:0, instance:RUN_ALL.TVP_PamatlietasPOM@101952da]" started-at="2023-10-14T10:22:22 EEST" name="TVP_pamatlietasEdge" finished-at="2023-10-14T10:23:03 EEST" duration-ms="41498" status="PASS">
          <reporter-output>
            <line>
              <![CDATA[Edge ir palaists]]>
            </line>
            <line>
              <![CDATA[1. VRAA lapa ir atvērta]]>
            </line>
            <line>
              <![CDATA[2. VRAA lapa ir apstiprinātas sīkdatnes]]>
            </line>
            <line>
              <![CDATA[3. Izvēlētas aktualitātes]]>
            </line>
            <line>
              <![CDATA[4. Lasīt vairāk]]>
            </line>
            <line>
              <![CDATA[5. Iegūts aktualitātes datums: 27.09.2023.]]>
            </line>
            <line>
              <![CDATA[6. Izvēlēta kontaktu sadaļa]]>
            </line>
            <line>
              <![CDATA[7. Lasīt vairāk]]>
            </line>
            <line>
              <![CDATA[8. Iestādes vadītājs ir: Aigars Undzēns
Direktors]]>
            </line>
            <line>
              <![CDATA[9. Izvēlēta Par mums sadaļa]]>
            </line>
            <line>
              <![CDATA[10. Lasīt vairāk]]>
            </line>
            <line>
              <![CDATA[10. Pēdējais labojums par mums: Publicēts: 16.01.2020.]]>
            </line>
            <line>
              <![CDATA[11. Izvēlēta EN valoda]]>
            </line>
            <line>
              <![CDATA[12. Izvēlēta LV valoda]]>
            </line>
            <line>
              <![CDATA[13. Kontrasts melns]]>
            </line>
            <line>
              <![CDATA[14. Kontrasts balts]]>
            </line>
            <line>
              <![CDATA[ Lapa ir aizvērta]]>
            </line>
          </reporter-output>
        </test-method> <!-- TVP_pamatlietasEdge -->
        <test-method signature="TVP_pamatlietasFire()[pri:0, instance:RUN_ALL.TVP_PamatlietasPOM@101952da]" started-at="2023-10-14T10:23:03 EEST" name="TVP_pamatlietasFire" finished-at="2023-10-14T10:24:12 EEST" duration-ms="69025" status="PASS">
          <reporter-output>
            <line>
              <![CDATA[Firefox ir palaists]]>
            </line>
            <line>
              <![CDATA[1. VRAA lapa ir atvērta]]>
            </line>
            <line>
              <![CDATA[2. VRAA lapa ir apstiprinātas sīkdatnes]]>
            </line>
            <line>
              <![CDATA[3. Izvēlētas aktualitātes]]>
            </line>
            <line>
              <![CDATA[4. Lasīt vairāk]]>
            </line>
            <line>
              <![CDATA[5. Iegūts aktualitātes datums: 27.09.2023.]]>
            </line>
            <line>
              <![CDATA[6. Izvēlēta kontaktu sadaļa]]>
            </line>
            <line>
              <![CDATA[7. Lasīt vairāk]]>
            </line>
            <line>
              <![CDATA[8. Iestādes vadītājs ir: Aigars Undzēns
Direktors]]>
            </line>
            <line>
              <![CDATA[9. Izvēlēta Par mums sadaļa]]>
            </line>
            <line>
              <![CDATA[10. Lasīt vairāk]]>
            </line>
            <line>
              <![CDATA[10. Pēdējais labojums par mums: Publicēts: 16.01.2020.]]>
            </line>
            <line>
              <![CDATA[11. Izvēlēta EN valoda]]>
            </line>
            <line>
              <![CDATA[12. Izvēlēta LV valoda]]>
            </line>
            <line>
              <![CDATA[13. Kontrasts melns]]>
            </line>
            <line>
              <![CDATA[14. Kontrasts balts]]>
            </line>
            <line>
              <![CDATA[ Lapa ir aizvērta]]>
            </line>
          </reporter-output>
        </test-method> <!-- TVP_pamatlietasFire -->
      </class> <!-- RUN_ALL.TVP_PamatlietasPOM -->
    </test> <!-- SC_Test -->
  </suite> <!-- Default Suite -->
</testng-results>
